D:\sxolh\Γραφικά Ι\final\car_project\Debug\cl.command.1.tlog
D:\sxolh\Γραφικά Ι\final\car_project\Debug\CL.read.1.tlog
D:\sxolh\Γραφικά Ι\final\car_project\Debug\CL.write.1.tlog
D:\SXOLH\Γραφικά Ι\FINAL\CAR_PROJECT\DEBUG\COURSE5.EXE
D:\SXOLH\Γραφικά Ι\FINAL\CAR_PROJECT\DEBUG\COURSE5.EXE.EMBED.MANIFEST
D:\SXOLH\Γραφικά Ι\FINAL\CAR_PROJECT\DEBUG\COURSE5.EXE.EMBED.MANIFEST.RES
D:\SXOLH\Γραφικά Ι\FINAL\CAR_PROJECT\DEBUG\COURSE5.EXE.INTERMEDIATE.MANIFEST
D:\SXOLH\Γραφικά Ι\FINAL\CAR_PROJECT\DEBUG\COURSE5.ILK
D:\SXOLH\ΓΡΑΦΙΚΆ Ι\FINAL\CAR_PROJECT\DEBUG\COURSE5.PDB
D:\sxolh\Γραφικά Ι\final\car_project\Debug\Course5_manifest.rc
D:\sxolh\Γραφικά Ι\final\car_project\Debug\link.4868.read.1.tlog
D:\sxolh\Γραφικά Ι\final\car_project\Debug\link.4868.write.1.tlog
D:\sxolh\Γραφικά Ι\final\car_project\Debug\link.4868-cvtres.read.1.tlog
D:\sxolh\Γραφικά Ι\final\car_project\Debug\link.4868-cvtres.write.1.tlog
D:\sxolh\Γραφικά Ι\final\car_project\Debug\link.command.1.tlog
D:\sxolh\Γραφικά Ι\final\car_project\Debug\link.read.1.tlog
D:\sxolh\Γραφικά Ι\final\car_project\Debug\link.write.1.tlog
D:\sxolh\Γραφικά Ι\final\car_project\Debug\link-cvtres.read.1.tlog
D:\sxolh\Γραφικά Ι\final\car_project\Debug\link-cvtres.write.1.tlog
D:\SXOLH\Γραφικά Ι\FINAL\CAR_PROJECT\DEBUG\MAIN.OBJ
D:\sxolh\Γραφικά Ι\final\car_project\Debug\mt.command.1.tlog
D:\sxolh\Γραφικά Ι\final\car_project\Debug\mt.read.1.tlog
D:\sxolh\Γραφικά Ι\final\car_project\Debug\mt.write.1.tlog
D:\sxolh\Γραφικά Ι\final\car_project\Debug\rc.command.1.tlog
D:\sxolh\Γραφικά Ι\final\car_project\Debug\rc.read.1.tlog
D:\sxolh\Γραφικά Ι\final\car_project\Debug\rc.write.1.tlog
D:\sxolh\Γραφικά Ι\final\car_project\Debug\vc100.idb
D:\SXOLH\ΓΡΑΦΙΚΆ Ι\FINAL\CAR_PROJECT\DEBUG\VC100.PDB
D:\SXOLH\Γραφικά Ι\FINAL\CAR_PROJECT\DEBUG\VISUALS.OBJ
